[2.331s] DEBUG:colcon:Command line arguments: ['/usr/bin/colcon', 'build', '--packages-select', 'yusuf']
[2.331s] DEBUG:colcon:Parsed command line arguments: Namespace(allow_overriding=[], ament_cmake_args=None, base_paths=['.'], build_base='build', catkin_cmake_args=None, catkin_skip_building_tests=False, cmake_args=None, cmake_clean_cache=False, cmake_clean_first=False, cmake_force_configure=False, cmake_target=None, cmake_target_skip_unavailable=False, continue_on_error=False, event_handlers=None, executor='parallel', ignore_user_meta=False, install_base='install', log_base=None, log_level=None, main=<bound method BuildVerb.main of <colcon_core.verb.build.BuildVerb object at 0x7ff78d9f54f0>>, merge_install=False, metas=['./colcon.meta'], packages_above=None, packages_above_and_dependencies=None, packages_above_depth=None, packages_end=None, packages_ignore=None, packages_ignore_regex=None, packages_select=['yusuf'], packages_select_build_failed=False, packages_select_by_dep=None, packages_select_regex=None, packages_select_test_failures=False, packages_skip=None, packages_skip_build_finished=False, packages_skip_by_dep=None, packages_skip_regex=None, packages_skip_test_passed=False, packages_skip_up_to=None, packages_start=None, packages_up_to=None, packages_up_to_regex=None, parallel_workers=8, paths=None, symlink_install=False, test_result_base=None, verb_extension=<colcon_core.verb.build.BuildVerb object at 0x7ff78d9f54f0>, verb_name='build', verb_parser=<colcon_defaults.argument_parser.defaults.DefaultArgumentsDecorator object at 0x7ff78d931ee0>)
[2.439s] Level 1:colcon.colcon_core.package_discovery:discover_packages(colcon_meta) check parameters
[2.440s] Level 1:colcon.colcon_core.package_discovery:discover_packages(recursive) check parameters
[2.440s] Level 1:colcon.colcon_core.package_discovery:discover_packages(ignore) check parameters
[2.440s] Level 1:colcon.colcon_core.package_discovery:discover_packages(path) check parameters
[2.440s] Level 1:colcon.colcon_core.package_discovery:discover_packages(colcon_meta) discover
[2.440s] Level 1:colcon.colcon_core.package_discovery:discover_packages(recursive) discover
[2.440s] INFO:colcon.colcon_core.package_discovery:Crawling recursively for packages in '/home/yusuf/odevv'
[2.440s] Level 1:colcon.colcon_core.package_identification:_identify(.) by extensions ['ignore', 'ignore_ament_install']
[2.440s] Level 1:colcon.colcon_core.package_identification:_identify(.) by extension 'ignore'
[2.440s] Level 1:colcon.colcon_core.package_identification:_identify(.) by extension 'ignore_ament_install'
[2.440s] Level 1:colcon.colcon_core.package_identification:_identify(.) by extensions ['colcon_pkg']
[2.440s] Level 1:colcon.colcon_core.package_identification:_identify(.) by extension 'colcon_pkg'
[2.440s] Level 1:colcon.colcon_core.package_identification:_identify(.) by extensions ['colcon_meta']
[2.440s] Level 1:colcon.colcon_core.package_identification:_identify(.) by extension 'colcon_meta'
[2.440s] Level 1:colcon.colcon_core.package_identification:_identify(.) by extensions ['ros']
[2.440s] Level 1:colcon.colcon_core.package_identification:_identify(.) by extension 'ros'
[2.460s] Level 1:colcon.colcon_core.package_identification:_identify(.) by extensions ['cmake', 'python']
[2.460s] Level 1:colcon.colcon_core.package_identification:_identify(.) by extension 'cmake'
[2.460s] Level 1:colcon.colcon_core.package_identification:_identify(.) by extension 'python'
[2.460s] Level 1:colcon.colcon_core.package_identification:_identify(.) by extensions ['python_setup_py']
[2.460s] Level 1:colcon.colcon_core.package_identification:_identify(.) by extension 'python_setup_py'
[2.460s] Level 1:colcon.colcon_core.package_identification:_identify(build) by extensions ['ignore', 'ignore_ament_install']
[2.460s] Level 1:colcon.colcon_core.package_identification:_identify(build) by extension 'ignore'
[2.460s] Level 1:colcon.colcon_core.package_identification:_identify(build) ignored
[2.460s] Level 1:colcon.colcon_core.package_identification:_identify(install) by extensions ['ignore', 'ignore_ament_install']
[2.460s] Level 1:colcon.colcon_core.package_identification:_identify(install) by extension 'ignore'
[2.460s] Level 1:colcon.colcon_core.package_identification:_identify(install) ignored
[2.460s] Level 1:colcon.colcon_core.package_identification:_identify(log) by extensions ['ignore', 'ignore_ament_install']
[2.461s] Level 1:colcon.colcon_core.package_identification:_identify(log) by extension 'ignore'
[2.461s] Level 1:colcon.colcon_core.package_identification:_identify(log) ignored
[2.461s] Level 1:colcon.colcon_core.package_identification:_identify(src) by extensions ['ignore', 'ignore_ament_install']
[2.461s] Level 1:colcon.colcon_core.package_identification:_identify(src) by extension 'ignore'
[2.461s] Level 1:colcon.colcon_core.package_identification:_identify(src) by extension 'ignore_ament_install'
[2.461s] Level 1:colcon.colcon_core.package_identification:_identify(src) by extensions ['colcon_pkg']
[2.461s] Level 1:colcon.colcon_core.package_identification:_identify(src) by extension 'colcon_pkg'
[2.461s] Level 1:colcon.colcon_core.package_identification:_identify(src) by extensions ['colcon_meta']
[2.461s] Level 1:colcon.colcon_core.package_identification:_identify(src) by extension 'colcon_meta'
[2.461s] Level 1:colcon.colcon_core.package_identification:_identify(src) by extensions ['ros']
[2.461s] Level 1:colcon.colcon_core.package_identification:_identify(src) by extension 'ros'
[2.461s] Level 1:colcon.colcon_core.package_identification:_identify(src) by extensions ['cmake', 'python']
[2.461s] Level 1:colcon.colcon_core.package_identification:_identify(src) by extension 'cmake'
[2.461s] Level 1:colcon.colcon_core.package_identification:_identify(src) by extension 'python'
[2.461s] Level 1:colcon.colcon_core.package_identification:_identify(src) by extensions ['python_setup_py']
[2.461s] Level 1:colcon.colcon_core.package_identification:_identify(src) by extension 'python_setup_py'
[2.461s] Level 1:colcon.colcon_core.package_identification:_identify(src/yusuf) by extensions ['ignore', 'ignore_ament_install']
[2.461s] Level 1:colcon.colcon_core.package_identification:_identify(src/yusuf) by extension 'ignore'
[2.461s] Level 1:colcon.colcon_core.package_identification:_identify(src/yusuf) by extension 'ignore_ament_install'
[2.462s] Level 1:colcon.colcon_core.package_identification:_identify(src/yusuf) by extensions ['colcon_pkg']
[2.462s] Level 1:colcon.colcon_core.package_identification:_identify(src/yusuf) by extension 'colcon_pkg'
[2.462s] Level 1:colcon.colcon_core.package_identification:_identify(src/yusuf) by extensions ['colcon_meta']
[2.462s] Level 1:colcon.colcon_core.package_identification:_identify(src/yusuf) by extension 'colcon_meta'
[2.462s] Level 1:colcon.colcon_core.package_identification:_identify(src/yusuf) by extensions ['ros']
[2.462s] Level 1:colcon.colcon_core.package_identification:_identify(src/yusuf) by extension 'ros'
[2.464s] DEBUG:colcon.colcon_core.package_identification:Package 'src/yusuf' with type 'ros.ament_python' and name 'yusuf'
[2.464s] Level 1:colcon.colcon_core.package_discovery:discover_packages(recursive) using defaults
[2.464s] Level 1:colcon.colcon_core.package_discovery:discover_packages(ignore) discover
[2.464s] Level 1:colcon.colcon_core.package_discovery:discover_packages(ignore) using defaults
[2.464s] Level 1:colcon.colcon_core.package_discovery:discover_packages(path) discover
[2.464s] Level 1:colcon.colcon_core.package_discovery:discover_packages(path) using defaults
[2.673s] Level 1:colcon.colcon_core.package_discovery:discover_packages(prefix_path) check parameters
[2.673s] Level 1:colcon.colcon_core.package_discovery:discover_packages(prefix_path) discover
[2.752s] DEBUG:colcon.colcon_installed_package_information.package_discovery:Found 1 installed packages in /home/yusuf/yepis/install
[2.792s] DEBUG:colcon.colcon_installed_package_information.package_discovery:Found 4 installed packages in /home/yusuf/ros2_ws/install
[2.831s] DEBUG:colcon.colcon_installed_package_information.package_discovery:Found 1 installed packages in /home/yusuf/Masaüstü/Odev/install
[2.884s] DEBUG:colcon.colcon_installed_package_information.package_discovery:Found 263 installed packages in /opt/ros/foxy
[2.885s] Level 1:colcon.colcon_core.package_discovery:discover_packages(prefix_path) using defaults
[3.032s] Level 5:colcon.colcon_core.verb:set package 'yusuf' build argument 'cmake_args' from command line to 'None'
[3.032s] Level 5:colcon.colcon_core.verb:set package 'yusuf' build argument 'cmake_target' from command line to 'None'
[3.032s] Level 5:colcon.colcon_core.verb:set package 'yusuf' build argument 'cmake_target_skip_unavailable' from command line to 'False'
[3.032s] Level 5:colcon.colcon_core.verb:set package 'yusuf' build argument 'cmake_clean_cache' from command line to 'False'
[3.032s] Level 5:colcon.colcon_core.verb:set package 'yusuf' build argument 'cmake_clean_first' from command line to 'False'
[3.032s] Level 5:colcon.colcon_core.verb:set package 'yusuf' build argument 'cmake_force_configure' from command line to 'False'
[3.032s] Level 5:colcon.colcon_core.verb:set package 'yusuf' build argument 'ament_cmake_args' from command line to 'None'
[3.032s] Level 5:colcon.colcon_core.verb:set package 'yusuf' build argument 'catkin_cmake_args' from command line to 'None'
[3.032s] Level 5:colcon.colcon_core.verb:set package 'yusuf' build argument 'catkin_skip_building_tests' from command line to 'False'
[3.032s] DEBUG:colcon.colcon_core.verb:Building package 'yusuf' with the following arguments: {'ament_cmake_args': None, 'build_base': '/home/yusuf/odevv/build/yusuf', 'catkin_cmake_args': None, 'catkin_skip_building_tests': False, 'cmake_args': None, 'cmake_clean_cache': False, 'cmake_clean_first': False, 'cmake_force_configure': False, 'cmake_target': None, 'cmake_target_skip_unavailable': False, 'install_base': '/home/yusuf/odevv/install/yusuf', 'merge_install': False, 'path': '/home/yusuf/odevv/src/yusuf', 'symlink_install': False, 'test_result_base': None}
[3.071s] INFO:colcon.colcon_core.executor:Executing jobs using 'parallel' executor
[3.111s] DEBUG:colcon.colcon_parallel_executor.executor.parallel:run_until_complete
[3.112s] INFO:colcon.colcon_ros.task.ament_python.build:Building ROS package in '/home/yusuf/odevv/src/yusuf' with build type 'ament_python'
[3.112s] Level 1:colcon.colcon_core.shell:create_environment_hook('yusuf', 'ament_prefix_path')
[3.156s] INFO:colcon.colcon_core.plugin_system:Skipping extension 'colcon_core.shell.bat': Not used on non-Windows systems
[3.156s] INFO:colcon.colcon_core.shell:Creating environment hook '/home/yusuf/odevv/install/yusuf/share/yusuf/hook/ament_prefix_path.ps1'
[3.156s] INFO:colcon.colcon_core.shell:Creating environment descriptor '/home/yusuf/odevv/install/yusuf/share/yusuf/hook/ament_prefix_path.dsv'
[3.157s] INFO:colcon.colcon_core.shell:Creating environment hook '/home/yusuf/odevv/install/yusuf/share/yusuf/hook/ament_prefix_path.sh'
[3.198s] INFO:colcon.colcon_core.shell:Skip shell extension 'powershell' for command environment: Not usable outside of PowerShell
[3.198s] DEBUG:colcon.colcon_core.shell:Skip shell extension 'dsv' for command environment
[3.698s] INFO:colcon.colcon_core.task.python.build:Building Python package in '/home/yusuf/odevv/src/yusuf'
[3.757s] INFO:colcon.colcon_core.shell:Skip shell extension 'powershell' for command environment: Not usable outside of PowerShell
[3.757s] DEBUG:colcon.colcon_core.shell:Skip shell extension 'dsv' for command environment
[4.402s] DEBUG:colcon.colcon_core.event_handler.log_command:Invoking command in '/home/yusuf/odevv/src/yusuf': PYTHONPATH=/home/yusuf/odevv/build/yusuf/prefix_override:/home/yusuf/odevv/install/yusuf/lib/python3.8/site-packages:${PYTHONPATH} /usr/bin/python3 setup.py egg_info --egg-base ../../build/yusuf build --build-base /home/yusuf/odevv/build/yusuf/build install --record /home/yusuf/odevv/build/yusuf/install.log --install-scripts $base/lib/yusuf --single-version-externally-managed
[4.706s] DEBUG:colcon.colcon_core.event_handler.log_command:Invoked command in '/home/yusuf/odevv/src/yusuf' returned '0': PYTHONPATH=/home/yusuf/odevv/build/yusuf/prefix_override:/home/yusuf/odevv/install/yusuf/lib/python3.8/site-packages:${PYTHONPATH} /usr/bin/python3 setup.py egg_info --egg-base ../../build/yusuf build --build-base /home/yusuf/odevv/build/yusuf/build install --record /home/yusuf/odevv/build/yusuf/install.log --install-scripts $base/lib/yusuf --single-version-externally-managed
[4.754s] Level 1:colcon.colcon_core.environment:checking '/home/yusuf/odevv/install/yusuf' for CMake module files
[4.755s] Level 1:colcon.colcon_core.environment:checking '/home/yusuf/odevv/install/yusuf' for CMake config files
[4.755s] Level 1:colcon.colcon_core.environment:checking '/home/yusuf/odevv/install/yusuf/lib'
[4.755s] Level 1:colcon.colcon_core.environment:checking '/home/yusuf/odevv/install/yusuf/bin'
[4.756s] Level 1:colcon.colcon_core.environment:checking '/home/yusuf/odevv/install/yusuf/lib/pkgconfig/yusuf.pc'
[4.756s] Level 1:colcon.colcon_core.environment:checking '/home/yusuf/odevv/install/yusuf/lib/python3.8/site-packages'
[4.756s] Level 1:colcon.colcon_core.shell:create_environment_hook('yusuf', 'pythonpath')
[4.799s] INFO:colcon.colcon_core.shell:Creating environment hook '/home/yusuf/odevv/install/yusuf/share/yusuf/hook/pythonpath.ps1'
[4.799s] INFO:colcon.colcon_core.shell:Creating environment descriptor '/home/yusuf/odevv/install/yusuf/share/yusuf/hook/pythonpath.dsv'
[4.800s] INFO:colcon.colcon_core.shell:Creating environment hook '/home/yusuf/odevv/install/yusuf/share/yusuf/hook/pythonpath.sh'
[4.800s] Level 1:colcon.colcon_core.environment:checking '/home/yusuf/odevv/install/yusuf/bin'
[4.800s] Level 1:colcon.colcon_core.environment:create_environment_scripts_only(yusuf)
[4.843s] INFO:colcon.colcon_core.shell:Creating package script '/home/yusuf/odevv/install/yusuf/share/yusuf/package.ps1'
[4.844s] INFO:colcon.colcon_core.shell:Creating package descriptor '/home/yusuf/odevv/install/yusuf/share/yusuf/package.dsv'
[4.844s] INFO:colcon.colcon_core.shell:Creating package script '/home/yusuf/odevv/install/yusuf/share/yusuf/package.sh'
[4.845s] INFO:colcon.colcon_core.shell:Creating package script '/home/yusuf/odevv/install/yusuf/share/yusuf/package.bash'
[4.845s] INFO:colcon.colcon_core.shell:Creating package script '/home/yusuf/odevv/install/yusuf/share/yusuf/package.zsh'
[4.846s] Level 1:colcon.colcon_core.environment:create_file_with_runtime_dependencies(/home/yusuf/odevv/install/yusuf/share/colcon-core/packages/yusuf)
[4.846s] DEBUG:colcon.colcon_parallel_executor.executor.parallel:closing loop
[4.847s] DEBUG:colcon.colcon_parallel_executor.executor.parallel:loop closed
[4.847s] DEBUG:colcon.colcon_parallel_executor.executor.parallel:run_until_complete finished with '0'
[4.847s] DEBUG:colcon.colcon_core.event_reactor:joining thread
[4.897s] INFO:colcon.colcon_core.plugin_system:Skipping extension 'colcon_notification.desktop_notification.terminal_notifier': Not used on non-Darwin systems
[4.897s] INFO:colcon.colcon_core.plugin_system:Skipping extension 'colcon_notification.desktop_notification.win32': Not used on non-Windows systems
[4.898s] INFO:colcon.colcon_notification.desktop_notification:Sending desktop notification using 'notify2'
[4.911s] DEBUG:colcon.colcon_core.event_reactor:joined thread
[4.956s] INFO:colcon.colcon_core.shell:Creating prefix script '/home/yusuf/odevv/install/local_setup.ps1'
[4.957s] INFO:colcon.colcon_core.shell:Creating prefix util module '/home/yusuf/odevv/install/_local_setup_util_ps1.py'
[4.958s] INFO:colcon.colcon_core.shell:Creating prefix chain script '/home/yusuf/odevv/install/setup.ps1'
[5.003s] INFO:colcon.colcon_core.shell:Creating prefix script '/home/yusuf/odevv/install/local_setup.sh'
[5.003s] INFO:colcon.colcon_core.shell:Creating prefix util module '/home/yusuf/odevv/install/_local_setup_util_sh.py'
[5.003s] INFO:colcon.colcon_core.shell:Creating prefix chain script '/home/yusuf/odevv/install/setup.sh'
[5.048s] INFO:colcon.colcon_core.shell:Creating prefix script '/home/yusuf/odevv/install/local_setup.bash'
[5.048s] INFO:colcon.colcon_core.shell:Creating prefix chain script '/home/yusuf/odevv/install/setup.bash'
[5.091s] INFO:colcon.colcon_core.shell:Creating prefix script '/home/yusuf/odevv/install/local_setup.zsh'
[5.092s] INFO:colcon.colcon_core.shell:Creating prefix chain script '/home/yusuf/odevv/install/setup.zsh'
